2026-03-06T10:06:14.607Z [上传成功] 图片 1 已上传到 COS (耗时 106.18s): https://mycloudzcq-1300106439.cos.ap-singapore.myqcloud.com/temp/2026-03-06/image-1772791571284-81101725.jpg
2026-03-09T02:12:29.797Z [upload-success] task=2145f89f-043b-4ab0-885f-80e152a24efc duration=86.25s url=https://mycloudzcq-1300106439.cos.ap-singapore.myqcloud.com/temp/2026-03-09/image-1773022344955-777869303.png
2026-03-09T02:38:35.040Z [upload-start] task=b8ab0ae1-6669-4983-8bb9-b6668badcb86 sourceType=url attempt=1/3
2026-03-09T02:39:47.179Z [upload-success] task=b8ab0ae1-6669-4983-8bb9-b6668badcb86 duration=72.14s source=3.02 MB compressed=145.28 KB url=https://mycloudzcq-1300106439.cos.ap-singapore.myqcloud.com/temp/2026-03-09/image-1773023984797-606766228.jpg
2026-03-09T02:40:52.569Z [upload-start] task=073d5d3a-6459-4506-88df-49b40824ecbb sourceType=url attempt=1/3
2026-03-09T02:42:11.953Z [upload-success] task=073d5d3a-6459-4506-88df-49b40824ecbb duration=79.38s source=3.02 MB compressed=113.35 KB url=https://mycloudzcq-1300106439.cos.ap-singapore.myqcloud.com/temp/2026-03-09/image-1773024130666-117852820.jpg
2026-03-09T02:49:15.067Z [upload-start] task=6b321266-f346-4a6a-b709-14ae8573c0fe sourceType=url attempt=1/3
2026-03-09T03:14:29.120Z [upload-start] task=a4fddbb0-9883-4d43-8606-a482df579d5b sourceType=url attempt=1/3
2026-03-09T03:15:57.075Z [upload-success] task=a4fddbb0-9883-4d43-8606-a482df579d5b duration=87.95s source=3.02 MB compressed=174.10 KB url=https://mycloudzcq-1300106439.cos.ap-singapore.myqcloud.com/temp/2026-03-09/image-1773026154475-545980235.jpg
2026-03-09T03:18:32.916Z [upload-start] task=7324cd9f-ed7e-4983-a658-fcd3baab5279 sourceType=url attempt=1/3
2026-03-09T03:18:38.196Z [upload-success] task=7324cd9f-ed7e-4983-a658-fcd3baab5279 duration=5.27s source=2.04 MB compressed=152.98 KB url=https://mycloudzcq-1300106439.cos.ap-singapore.myqcloud.com/temp/2026-03-09/image-1773026316895-934710309.jpg
2026-03-09T03:26:45.304Z [upload-start] task=baf41af0-b294-48c6-a793-bad42ebab4cc sourceType=url attempt=1/3
2026-03-09T03:26:49.259Z [upload-success] task=baf41af0-b294-48c6-a793-bad42ebab4cc duration=3.95s source=1.46 MB compressed=70.67 KB url=https://mycloudzcq-1300106439.cos.ap-singapore.myqcloud.com/temp/2026-03-09/image-1773026807194-752638858.jpg
2026-03-09T03:28:25.157Z [upload-start] task=cb1b65ce-3bc4-47aa-9b2e-09e998efa7c0 sourceType=url attempt=1/3
2026-03-09T03:28:29.017Z [upload-success] task=cb1b65ce-3bc4-47aa-9b2e-09e998efa7c0 duration=3.86s source=2.49 MB compressed=164.08 KB url=https://mycloudzcq-1300106439.cos.ap-singapore.myqcloud.com/temp/2026-03-09/image-1773026906683-720002991.jpg
2026-03-09T03:47:55.244Z [upload-start] task=ac0658e1-d013-4b48-96f6-ab0f54ad29d2 sourceType=url attempt=1/3
2026-03-09T03:47:58.328Z [upload-start] task=47958fc1-6d7c-4336-bdcf-943d58606323 sourceType=url attempt=1/3
2026-03-09T03:48:00.875Z [upload-success] task=ac0658e1-d013-4b48-96f6-ab0f54ad29d2 duration=5.63s source=2.25 MB compressed=157.26 KB url=https://mycloudzcq-1300106439.cos.ap-singapore.myqcloud.com/temp/2026-03-09/image-1773028076965-713578059.jpg
2026-03-09T03:48:04.747Z [upload-success] task=47958fc1-6d7c-4336-bdcf-943d58606323 duration=6.41s source=2.24 MB compressed=159.45 KB url=https://mycloudzcq-1300106439.cos.ap-singapore.myqcloud.com/temp/2026-03-09/image-1773028079748-696972428.jpg
2026-03-09T03:49:13.932Z [upload-start] task=b6b91f1c-6e3a-4f36-ab73-c6e5636b5a8d sourceType=url attempt=1/3
2026-03-09T03:49:16.614Z [upload-success] task=b6b91f1c-6e3a-4f36-ab73-c6e5636b5a8d duration=2.68s source=1.97 MB compressed=135.19 KB url=https://mycloudzcq-1300106439.cos.ap-singapore.myqcloud.com/temp/2026-03-09/image-1773028155354-618319304.jpg
2026-03-09T03:54:55.522Z [upload-start] task=e68da437-cd78-47be-a5e4-baf64102b451 sourceType=url attempt=1/3
2026-03-09T03:54:58.787Z [upload-success] task=e68da437-cd78-47be-a5e4-baf64102b451 duration=3.25s source=1.59 MB compressed=78.57 KB url=https://mycloudzcq-1300106439.cos.ap-singapore.myqcloud.com/temp/2026-03-09/image-1773028496880-587000503.jpg
2026-03-09T03:58:25.367Z [upload-start] task=6c283c43-4c18-4932-8759-ece1c5761dfe sourceType=url attempt=1/3
2026-03-09T03:58:29.298Z [upload-success] task=6c283c43-4c18-4932-8759-ece1c5761dfe duration=3.92s source=1.74 MB compressed=93.76 KB url=https://mycloudzcq-1300106439.cos.ap-singapore.myqcloud.com/temp/2026-03-09/image-1773028707026-276960795.jpg
2026-03-09T05:32:24.670Z [upload-start] task=7c487537-4879-467b-8b06-032373221b76 sourceType=url attempt=1/3
2026-03-09T05:32:30.032Z [upload-success] task=7c487537-4879-467b-8b06-032373221b76 duration=5.36s source=1.64 MB compressed=78.74 KB url=https://mycloudzcq-1300106439.cos.ap-singapore.myqcloud.com/temp/2026-03-09/image-1773034346770-222538054.jpg
2026-03-09T05:34:05.928Z [upload-start] task=59355a86-8ffc-43c4-a1f0-e57770a8d1d2 sourceType=url attempt=1/3
2026-03-09T05:34:09.271Z [upload-success] task=59355a86-8ffc-43c4-a1f0-e57770a8d1d2 duration=3.34s source=1.66 MB compressed=82.81 KB url=https://mycloudzcq-1300106439.cos.ap-singapore.myqcloud.com/temp/2026-03-09/image-1773034447271-856940583.jpg
2026-03-09T05:40:24.519Z [upload-start] task=3c94b502-7069-4da4-b510-6c0946ed753a sourceType=url attempt=1/3
2026-03-09T05:40:25.979Z [upload-retry] task=3c94b502-7069-4da4-b510-6c0946ed753a attempts=1/3 error=Expected integer between 1 and 100 for quality but received standard of type string
2026-03-09T05:40:30.992Z [upload-start] task=3c94b502-7069-4da4-b510-6c0946ed753a sourceType=url attempt=2/3
2026-03-09T05:40:32.325Z [upload-retry] task=3c94b502-7069-4da4-b510-6c0946ed753a attempts=2/3 error=Expected integer between 1 and 100 for quality but received standard of type string
2026-03-09T05:40:42.331Z [upload-start] task=3c94b502-7069-4da4-b510-6c0946ed753a sourceType=url attempt=3/3
2026-03-09T05:40:44.337Z [upload-failed] task=3c94b502-7069-4da4-b510-6c0946ed753a attempts=3/3 error=Expected integer between 1 and 100 for quality but received standard of type string
2026-03-09T07:42:28.695Z [upload-start] task=e768f512-9fb8-4c1c-9dbf-4ebbd9b1a2b7 sourceType=url attempt=1/3
2026-03-09T07:42:30.355Z [upload-retry] task=e768f512-9fb8-4c1c-9dbf-4ebbd9b1a2b7 attempts=1/3 error=Expected integer between 1 and 100 for quality but received standard of type string
2026-03-09T07:42:35.363Z [upload-start] task=e768f512-9fb8-4c1c-9dbf-4ebbd9b1a2b7 sourceType=url attempt=2/3
2026-03-09T07:42:37.003Z [upload-retry] task=e768f512-9fb8-4c1c-9dbf-4ebbd9b1a2b7 attempts=2/3 error=Expected integer between 1 and 100 for quality but received standard of type string
2026-03-09T07:42:47.015Z [upload-start] task=e768f512-9fb8-4c1c-9dbf-4ebbd9b1a2b7 sourceType=url attempt=3/3
2026-03-09T07:42:48.582Z [upload-failed] task=e768f512-9fb8-4c1c-9dbf-4ebbd9b1a2b7 attempts=3/3 error=Expected integer between 1 and 100 for quality but received standard of type string
2026-03-09T08:05:45.900Z [upload-start] task=3745299b-c0ef-4c25-9813-61396ca43927 sourceType=url attempt=1/3
2026-03-09T08:05:47.831Z [upload-retry] task=3745299b-c0ef-4c25-9813-61396ca43927 attempts=1/3 error=Expected integer between 1 and 100 for quality but received standard of type string
2026-03-09T08:05:52.834Z [upload-start] task=3745299b-c0ef-4c25-9813-61396ca43927 sourceType=url attempt=2/3
2026-03-09T08:05:54.116Z [upload-retry] task=3745299b-c0ef-4c25-9813-61396ca43927 attempts=2/3 error=Expected integer between 1 and 100 for quality but received standard of type string
2026-03-09T08:06:04.121Z [upload-start] task=3745299b-c0ef-4c25-9813-61396ca43927 sourceType=url attempt=3/3
2026-03-09T08:06:05.858Z [upload-failed] task=3745299b-c0ef-4c25-9813-61396ca43927 attempts=3/3 error=Expected integer between 1 and 100 for quality but received standard of type string
2026-03-09T08:20:55.301Z [upload-start] task=68678b27-1958-4c3e-a7d2-1ad349158dee sourceType=url attempt=1/3
2026-03-09T08:20:57.049Z [upload-retry] task=68678b27-1958-4c3e-a7d2-1ad349158dee attempts=1/3 error=Expected integer between 1 and 100 for quality but received standard of type string
2026-03-09T08:21:02.057Z [upload-start] task=68678b27-1958-4c3e-a7d2-1ad349158dee sourceType=url attempt=2/3
2026-03-09T08:21:03.360Z [upload-retry] task=68678b27-1958-4c3e-a7d2-1ad349158dee attempts=2/3 error=Expected integer between 1 and 100 for quality but received standard of type string
2026-03-09T08:21:13.372Z [upload-start] task=68678b27-1958-4c3e-a7d2-1ad349158dee sourceType=url attempt=3/3
2026-03-09T08:21:14.643Z [upload-failed] task=68678b27-1958-4c3e-a7d2-1ad349158dee attempts=3/3 error=Expected integer between 1 and 100 for quality but received standard of type string
2026-03-09T08:22:41.439Z [upload-start] task=a0398945-2c71-4921-ab71-d5a341b7aed7 sourceType=url attempt=1/3
2026-03-09T08:22:42.942Z [upload-retry] task=a0398945-2c71-4921-ab71-d5a341b7aed7 attempts=1/3 error=Expected integer between 1 and 100 for quality but received standard of type string
2026-03-09T08:22:47.944Z [upload-start] task=a0398945-2c71-4921-ab71-d5a341b7aed7 sourceType=url attempt=2/3
2026-03-09T08:22:49.265Z [upload-retry] task=a0398945-2c71-4921-ab71-d5a341b7aed7 attempts=2/3 error=Expected integer between 1 and 100 for quality but received standard of type string
2026-03-09T08:22:59.277Z [upload-start] task=a0398945-2c71-4921-ab71-d5a341b7aed7 sourceType=url attempt=3/3
2026-03-09T08:23:00.646Z [upload-failed] task=a0398945-2c71-4921-ab71-d5a341b7aed7 attempts=3/3 error=Expected integer between 1 and 100 for quality but received standard of type string
2026-03-09T08:35:18.717Z [upload-start] task=69c749c1-9f56-487e-b58d-2fafc6cf7679 sourceType=url attempt=1/3
2026-03-09T08:35:20.386Z [upload-retry] task=69c749c1-9f56-487e-b58d-2fafc6cf7679 attempts=1/3 error=Expected integer between 1 and 100 for quality but received standard of type string
2026-03-09T08:35:25.398Z [upload-start] task=69c749c1-9f56-487e-b58d-2fafc6cf7679 sourceType=url attempt=2/3
2026-03-09T08:35:27.007Z [upload-retry] task=69c749c1-9f56-487e-b58d-2fafc6cf7679 attempts=2/3 error=Expected integer between 1 and 100 for quality but received standard of type string
2026-03-09T08:35:37.013Z [upload-start] task=69c749c1-9f56-487e-b58d-2fafc6cf7679 sourceType=url attempt=3/3
2026-03-09T08:35:38.661Z [upload-failed] task=69c749c1-9f56-487e-b58d-2fafc6cf7679 attempts=3/3 error=Expected integer between 1 and 100 for quality but received standard of type string
2026-03-09T08:36:34.444Z [upload-start] task=eda405eb-69d7-4d63-8c69-1dce4bec3833 sourceType=url attempt=1/3
2026-03-09T08:36:35.812Z [upload-retry] task=eda405eb-69d7-4d63-8c69-1dce4bec3833 attempts=1/3 error=Expected integer between 1 and 100 for quality but received standard of type string
2026-03-09T08:36:40.817Z [upload-start] task=eda405eb-69d7-4d63-8c69-1dce4bec3833 sourceType=url attempt=2/3
2026-03-09T08:36:42.442Z [upload-retry] task=eda405eb-69d7-4d63-8c69-1dce4bec3833 attempts=2/3 error=Expected integer between 1 and 100 for quality but received standard of type string
2026-03-09T08:36:52.446Z [upload-start] task=eda405eb-69d7-4d63-8c69-1dce4bec3833 sourceType=url attempt=3/3
2026-03-09T08:36:53.767Z [upload-failed] task=eda405eb-69d7-4d63-8c69-1dce4bec3833 attempts=3/3 error=Expected integer between 1 and 100 for quality but received standard of type string
2026-03-09T08:40:37.545Z [upload-start] task=984a9378-db1f-4824-8be4-a5afdea6b37c sourceType=url attempt=1/3
2026-03-09T08:40:38.817Z [upload-retry] task=984a9378-db1f-4824-8be4-a5afdea6b37c attempts=1/3 error=Expected integer between 1 and 100 for quality but received standard of type string
2026-03-09T08:40:43.822Z [upload-start] task=984a9378-db1f-4824-8be4-a5afdea6b37c sourceType=url attempt=2/3
2026-03-09T08:40:45.105Z [upload-retry] task=984a9378-db1f-4824-8be4-a5afdea6b37c attempts=2/3 error=Expected integer between 1 and 100 for quality but received standard of type string
2026-03-09T08:40:55.112Z [upload-start] task=984a9378-db1f-4824-8be4-a5afdea6b37c sourceType=url attempt=3/3
2026-03-09T08:40:56.403Z [upload-failed] task=984a9378-db1f-4824-8be4-a5afdea6b37c attempts=3/3 error=Expected integer between 1 and 100 for quality but received standard of type string
2026-03-09T09:15:57.018Z [upload-start] task=6e838ce8-60c8-4083-b8ad-3522945abcc9 sourceType=url attempt=1/3
2026-03-09T09:16:05.627Z [upload-success] task=6e838ce8-60c8-4083-b8ad-3522945abcc9 duration=8.60s source=1.45 MB compressed=136.06 KB url=https://mycloudzcq-1300106439.cos.ap-singapore.myqcloud.com/temp/2026-03-09/image-1773047758706-726067827.jpg
2026-03-09T10:34:32.343Z [upload-start] task=c17c8de1-8b34-4a51-912c-4b11fab4b19b sourceType=url attempt=1/3
2026-03-09T10:34:36.400Z [upload-success] task=c17c8de1-8b34-4a51-912c-4b11fab4b19b duration=4.05s source=1.66 MB compressed=112.39 KB url=https://mycloudzcq-1300106439.cos.ap-singapore.myqcloud.com/temp/2026-03-09/image-1773052474086-216219488.jpg
2026-03-09T10:36:26.642Z [upload-start] task=5f578b14-26cd-4b4d-bf2e-ba3fc811061d sourceType=url attempt=1/3
2026-03-09T10:36:29.475Z [upload-success] task=5f578b14-26cd-4b4d-bf2e-ba3fc811061d duration=2.83s source=1.79 MB compressed=128.39 KB url=https://mycloudzcq-1300106439.cos.ap-singapore.myqcloud.com/temp/2026-03-09/image-1773052588350-708785546.jpg
2026-03-13T03:28:05.533Z [upload-start] task=c7bcae43-089d-4702-a72f-4759a256c173 sourceType=url useStream=true attempt=1/3
2026-03-13T03:28:11.457Z [upload-success] task=c7bcae43-089d-4702-a72f-4759a256c173 duration=5.92s source=0 B compressed=826.80 KB url=https://mycloudzcq-1300106439.cos.ap-singapore.myqcloud.com/temp/2026-03-13/image-1773372487244-94786776.png
2026-03-13T08:20:13.650Z [upload-start] task=f71e1cf5-afd4-4e5f-ba04-954ffeecb156 sourceType=url useStream=true attempt=1/3
2026-03-13T08:20:21.891Z [upload-success] task=f71e1cf5-afd4-4e5f-ba04-954ffeecb156 duration=8.24s source=0 B compressed=816.58 KB url=https://mycloudzcq-1300106439.cos.ap-singapore.myqcloud.com/temp/2026-03-13/image-1773390015781-437119560.png
2026-03-13T08:31:47.045Z [upload-start] task=1f56c210-54ce-4c3f-8943-0c1e95f824fc sourceType=url useStream=true attempt=1/3
2026-03-13T08:31:55.636Z [upload-success] task=1f56c210-54ce-4c3f-8943-0c1e95f824fc duration=8.59s source=0 B compressed=792.79 KB url=https://mycloudzcq-1300106439.cos.ap-singapore.myqcloud.com/temp/2026-03-13/image-1773390708518-100335251.png
2026-03-13T09:13:31.194Z [upload-start] task=3f946b79-f725-4152-91f3-97129b0dfd2b sourceType=url useStream=true attempt=1/3
2026-03-13T09:13:37.148Z [upload-success] task=3f946b79-f725-4152-91f3-97129b0dfd2b duration=5.95s source=0 B compressed=332.75 KB url=https://mycloudzcq-1300106439.cos.ap-singapore.myqcloud.com/temp/2026-03-13/image-1773393212860-117338596.png
2026-03-13T09:15:07.147Z [upload-start] task=160b3069-d400-47bb-83e0-6160c6501e84 sourceType=url useStream=true attempt=1/3
2026-03-13T09:15:12.734Z [upload-success] task=160b3069-d400-47bb-83e0-6160c6501e84 duration=5.58s source=0 B compressed=643.34 KB url=https://mycloudzcq-1300106439.cos.ap-singapore.myqcloud.com/temp/2026-03-13/image-1773393308205-369976220.png
2026-03-14T06:03:42.083Z [upload-start] task=bf03d162-7ff4-4d8b-b62c-b7d24c99f91d sourceType=url useStream=true attempt=1/3
2026-03-14T06:03:49.002Z [upload-success] task=bf03d162-7ff4-4d8b-b62c-b7d24c99f91d duration=6.92s source=0 B compressed=524.95 KB url=https://mycloudzcq-1300106439.cos.ap-singapore.myqcloud.com/temp/2026-03-14/image-1773468223761-246136201.png
2026-03-14T06:08:07.664Z [upload-start] task=eeadabfa-42b1-4389-9e32-daa1dc33717c sourceType=url useStream=true attempt=1/3
2026-03-14T06:08:35.515Z [upload-success] task=eeadabfa-42b1-4389-9e32-daa1dc33717c duration=27.85s source=0 B compressed=502.39 KB url=https://mycloudzcq-1300106439.cos.ap-singapore.myqcloud.com/temp/2026-03-14/image-1773468489240-641337143.png
2026-03-14T06:20:10.239Z [upload-start] task=8c954a8a-681e-41c8-b73f-c395f2142568 sourceType=url useStream=true attempt=1/3
2026-03-14T06:20:16.331Z [upload-success] task=8c954a8a-681e-41c8-b73f-c395f2142568 duration=6.09s source=0 B compressed=781.17 KB url=https://mycloudzcq-1300106439.cos.ap-singapore.myqcloud.com/temp/2026-03-14/image-1773469211836-573986639.png
2026-03-14T07:22:03.841Z [upload-start] task=7e083bb7-0a70-489b-9e45-57980bc21aee sourceType=url useStream=true attempt=1/3
2026-03-14T07:27:32.367Z [upload-retry] task=7e083bb7-0a70-489b-9e45-57980bc21aee attempts=1/3 error=Client network socket disconnected before secure TLS connection was established
2026-03-14T07:27:37.381Z [upload-start] task=7e083bb7-0a70-489b-9e45-57980bc21aee sourceType=url useStream=true attempt=2/3
2026-03-14T07:27:45.302Z [upload-success] task=7e083bb7-0a70-489b-9e45-57980bc21aee duration=7.92s source=0 B compressed=552.72 KB url=https://mycloudzcq-1300106439.cos.ap-singapore.myqcloud.com/temp/2026-03-14/image-1773473259349-961383775.png
2026-03-14T08:35:36.238Z [upload-start] task=ed904803-e04c-469f-8dc3-62fb44a3d0ba sourceType=url useStream=true attempt=1/3
2026-03-14T08:35:41.949Z [upload-success] task=ed904803-e04c-469f-8dc3-62fb44a3d0ba duration=5.71s source=0 B compressed=367.00 KB url=https://mycloudzcq-1300106439.cos.ap-singapore.myqcloud.com/temp/2026-03-14/image-1773477337425-640338700.png
2026-03-14T08:37:37.097Z [upload-start] task=b2b0afab-ae42-453d-84ac-b364ce3d043e sourceType=url useStream=true attempt=1/3
2026-03-14T08:43:05.425Z [upload-start] task=853708fd-85d3-4b6e-ad78-8e9503fb5ce5 sourceType=url useStream=true attempt=1/3
2026-03-14T08:43:16.118Z [upload-success] task=853708fd-85d3-4b6e-ad78-8e9503fb5ce5 duration=10.69s source=0 B compressed=598.64 KB url=https://mycloudzcq-1300106439.cos.ap-singapore.myqcloud.com/temp/2026-03-14/image-1773477787140-413320752.png
2026-03-14T08:44:11.915Z [upload-start] task=39e1c352-1fcc-4f34-afc6-880316f2d9ee sourceType=url useStream=true attempt=1/3
2026-03-14T09:16:02.438Z [upload-start] task=b579ad0a-e889-4126-9149-40bf353f8223 sourceType=url useStream=true attempt=1/3
2026-03-14T09:16:09.984Z [upload-success] task=b579ad0a-e889-4126-9149-40bf353f8223 duration=7.54s source=0 B compressed=856.26 KB url=https://mycloudzcq-1300106439.cos.ap-singapore.myqcloud.com/temp/2026-03-14/image-1773479764020-804530350.png
